0 info it worked if it ends with ok
1 verbose cli [ 'node',
1 verbose cli   '/Users/jason/.npm-packages/bin/npm',
1 verbose cli   'run-script',
1 verbose cli   'build' ]
2 info using npm@2.7.3
3 info using node@v0.12.0
4 verbose node symlink /usr/local/bin/node
5 verbose run-script [ 'prebuild', 'build', 'postbuild' ]
6 info prebuild visa-dashboard@0.0.1
7 info build visa-dashboard@0.0.1
8 verbose unsafe-perm in lifecycle true
9 info visa-dashboard@0.0.1 Failed to exec build script
10 verbose stack Error: visa-dashboard@0.0.1 build: `gulp build`
10 verbose stack Exit status 1
10 verbose stack     at EventEmitter.<anonymous> (/Users/jason/.npm-packages/lib/node_modules/npm/lib/utils/lifecycle.js:213:16)
10 verbose stack     at EventEmitter.emit (events.js:110:17)
10 verbose stack     at ChildProcess.<anonymous> (/Users/jason/.npm-packages/lib/node_modules/npm/lib/utils/spawn.js:14:12)
10 verbose stack     at ChildProcess.emit (events.js:110:17)
10 verbose stack     at maybeClose (child_process.js:1008:16)
10 verbose stack     at Process.ChildProcess._handle.onexit (child_process.js:1080:5)
11 verbose pkgid visa-dashboard@0.0.1
12 verbose cwd /Users/jason/Documents/aerobatic/visa-dashboard
13 error Darwin 14.3.0
14 error argv "node" "/Users/jason/.npm-packages/bin/npm" "run-script" "build"
15 error node v0.12.0
16 error npm  v2.7.3
17 error code ELIFECYCLE
18 error visa-dashboard@0.0.1 build: `gulp build`
18 error Exit status 1
19 error Failed at the visa-dashboard@0.0.1 build script 'gulp build'.
19 error This is most likely a problem with the visa-dashboard package,
19 error not with npm itself.
19 error Tell the author that this fails on your system:
19 error     gulp build
19 error You can get their info via:
19 error     npm owner ls visa-dashboard
19 error There is likely additional logging output above.
20 verbose exit [ 1, true ]
